<?xml version="1.0" encoding="UTF-8"?>
<testsuite xmlns:xsi="http://www.w3.org/2001/XMLSchema-instance" xsi:noNamespaceSchemaLocation="https://maven.apache.org/surefire/maven-surefire-plugin/xsd/surefire-test-report-3.0.xsd" version="3.0" name="org.solent.com504.oodd.bank.client.test.manual.BankClientTest" time="1.516" tests="2" errors="2" skipped="0" failures="0">
  <properties>
    <property name="sun.desktop" value="windows"/>
    <property name="awt.toolkit" value="sun.awt.windows.WToolkit"/>
    <property name="java.specification.version" value="11"/>
    <property name="sun.cpu.isalist" value="amd64"/>
    <property name="sun.jnu.encoding" value="Cp1252"/>
    <property name="java.class.path" value="C:\SolentSecondYear\analisando\week3example-try2\client\target\test-classes;C:\SolentSecondYear\analisando\week3example-try2\client\target\classes;C:\Users\guill\.m2\repository\org\glassfish\jersey\core\jersey-client\2.32\jersey-client-2.32.jar;C:\Users\guill\.m2\repository\jakarta\ws\rs\jakarta.ws.rs-api\2.1.6\jakarta.ws.rs-api-2.1.6.jar;C:\Users\guill\.m2\repository\org\glassfish\jersey\core\jersey-common\2.32\jersey-common-2.32.jar;C:\Users\guill\.m2\repository\jakarta\annotation\jakarta.annotation-api\1.3.5\jakarta.annotation-api-1.3.5.jar;C:\Users\guill\.m2\repository\org\glassfish\hk2\osgi-resource-locator\1.0.3\osgi-resource-locator-1.0.3.jar;C:\Users\guill\.m2\repository\com\sun\activation\jakarta.activation\1.2.2\jakarta.activation-1.2.2.jar;C:\Users\guill\.m2\repository\org\glassfish\hk2\external\jakarta.inject\2.6.1\jakarta.inject-2.6.1.jar;C:\Users\guill\.m2\repository\org\glassfish\jersey\media\jersey-media-json-jackson\2.32\jersey-media-json-jackson-2.32.jar;C:\Users\guill\.m2\repository\org\glassfish\jersey\ext\jersey-entity-filtering\2.32\jersey-entity-filtering-2.32.jar;C:\Users\guill\.m2\repository\com\fasterxml\jackson\core\jackson-annotations\2.10.1\jackson-annotations-2.10.1.jar;C:\Users\guill\.m2\repository\com\fasterxml\jackson\core\jackson-databind\2.10.1\jackson-databind-2.10.1.jar;C:\Users\guill\.m2\repository\com\fasterxml\jackson\core\jackson-core\2.10.1\jackson-core-2.10.1.jar;C:\Users\guill\.m2\repository\com\fasterxml\jackson\module\jackson-module-jaxb-annotations\2.10.1\jackson-module-jaxb-annotations-2.10.1.jar;C:\Users\guill\.m2\repository\jakarta\xml\bind\jakarta.xml.bind-api\2.3.2\jakarta.xml.bind-api-2.3.2.jar;C:\Users\guill\.m2\repository\jakarta\activation\jakarta.activation-api\1.2.1\jakarta.activation-api-1.2.1.jar;C:\Users\guill\.m2\repository\org\glassfish\jersey\inject\jersey-hk2\2.32\jersey-hk2-2.32.jar;C:\Users\guill\.m2\repository\org\glassfish\hk2\hk2-locator\2.6.1\hk2-locator-2.6.1.jar;C:\Users\guill\.m2\repository\org\glassfish\hk2\external\aopalliance-repackaged\2.6.1\aopalliance-repackaged-2.6.1.jar;C:\Users\guill\.m2\repository\org\glassfish\hk2\hk2-api\2.6.1\hk2-api-2.6.1.jar;C:\Users\guill\.m2\repository\org\glassfish\hk2\hk2-utils\2.6.1\hk2-utils-2.6.1.jar;C:\Users\guill\.m2\repository\org\javassist\javassist\3.25.0-GA\javassist-3.25.0-GA.jar;C:\Users\guill\.m2\repository\org\eclipse\persistence\javax.persistence\2.1.1\javax.persistence-2.1.1.jar;C:\Users\guill\.m2\repository\org\mindrot\jbcrypt\0.4\jbcrypt-0.4.jar;C:\Users\guill\.m2\repository\javax\annotation\javax.annotation-api\1.3.2\javax.annotation-api-1.3.2.jar;C:\Users\guill\.m2\repository\javax\xml\bind\jaxb-api\2.4.0-b180830.0359\jaxb-api-2.4.0-b180830.0359.jar;C:\Users\guill\.m2\repository\javax\activation\javax.activation-api\1.2.0\javax.activation-api-1.2.0.jar;C:\Users\guill\.m2\repository\org\glassfish\jaxb\jaxb-runtime\2.4.0-b180830.0438\jaxb-runtime-2.4.0-b180830.0438.jar;C:\Users\guill\.m2\repository\org\glassfish\jaxb\txw2\2.4.0-b180830.0438\txw2-2.4.0-b180830.0438.jar;C:\Users\guill\.m2\repository\com\sun\istack\istack-commons-runtime\3.0.7\istack-commons-runtime-3.0.7.jar;C:\Users\guill\.m2\repository\org\jvnet\staxex\stax-ex\1.8\stax-ex-1.8.jar;C:\Users\guill\.m2\repository\com\sun\xml\fastinfoset\FastInfoset\1.2.15\FastInfoset-1.2.15.jar;C:\Users\guill\.m2\repository\org\apache\logging\log4j\log4j-api\2.13.3\log4j-api-2.13.3.jar;C:\Users\guill\.m2\repository\org\apache\logging\log4j\log4j-core\2.13.3\log4j-core-2.13.3.jar;C:\Users\guill\.m2\repository\junit\junit\4.12\junit-4.12.jar;C:\Users\guill\.m2\repository\org\hamcrest\hamcrest-core\1.3\hamcrest-core-1.3.jar;"/>
    <property name="java.vm.vendor" value="Red Hat, Inc."/>
    <property name="sun.arch.data.model" value="64"/>
    <property name="user.variant" value=""/>
    <property name="java.vendor.url" value="https://access.redhat.com/"/>
    <property name="user.timezone" value="Europe/Paris"/>
    <property name="java.vm.specification.version" value="11"/>
    <property name="os.name" value="Windows 10"/>
    <property name="user.country" value="ES"/>
    <property name="sun.java.launcher" value="SUN_STANDARD"/>
    <property name="sun.boot.library.path" value="C:\Program Files\RedHat\java-11-openjdk-11.0.12-1\bin"/>
    <property name="sun.java.command" value="C:\Users\guill\AppData\Local\Temp\surefire9353848961140266522\surefirebooter7810711158097698835.jar C:\Users\guill\AppData\Local\Temp\surefire9353848961140266522 2021-11-07T13-30-53_305-jvmRun1 surefire14407502884812038684tmp surefire_011883721847409157914tmp"/>
    <property name="jdk.debug" value="release"/>
    <property name="test" value="org.solent.com504.oodd.bank.client.test.manual.BankClientTest"/>
    <property name="surefire.test.class.path" value="C:\SolentSecondYear\analisando\week3example-try2\client\target\test-classes;C:\SolentSecondYear\analisando\week3example-try2\client\target\classes;C:\Users\guill\.m2\repository\org\glassfish\jersey\core\jersey-client\2.32\jersey-client-2.32.jar;C:\Users\guill\.m2\repository\jakarta\ws\rs\jakarta.ws.rs-api\2.1.6\jakarta.ws.rs-api-2.1.6.jar;C:\Users\guill\.m2\repository\org\glassfish\jersey\core\jersey-common\2.32\jersey-common-2.32.jar;C:\Users\guill\.m2\repository\jakarta\annotation\jakarta.annotation-api\1.3.5\jakarta.annotation-api-1.3.5.jar;C:\Users\guill\.m2\repository\org\glassfish\hk2\osgi-resource-locator\1.0.3\osgi-resource-locator-1.0.3.jar;C:\Users\guill\.m2\repository\com\sun\activation\jakarta.activation\1.2.2\jakarta.activation-1.2.2.jar;C:\Users\guill\.m2\repository\org\glassfish\hk2\external\jakarta.inject\2.6.1\jakarta.inject-2.6.1.jar;C:\Users\guill\.m2\repository\org\glassfish\jersey\media\jersey-media-json-jackson\2.32\jersey-media-json-jackson-2.32.jar;C:\Users\guill\.m2\repository\org\glassfish\jersey\ext\jersey-entity-filtering\2.32\jersey-entity-filtering-2.32.jar;C:\Users\guill\.m2\repository\com\fasterxml\jackson\core\jackson-annotations\2.10.1\jackson-annotations-2.10.1.jar;C:\Users\guill\.m2\repository\com\fasterxml\jackson\core\jackson-databind\2.10.1\jackson-databind-2.10.1.jar;C:\Users\guill\.m2\repository\com\fasterxml\jackson\core\jackson-core\2.10.1\jackson-core-2.10.1.jar;C:\Users\guill\.m2\repository\com\fasterxml\jackson\module\jackson-module-jaxb-annotations\2.10.1\jackson-module-jaxb-annotations-2.10.1.jar;C:\Users\guill\.m2\repository\jakarta\xml\bind\jakarta.xml.bind-api\2.3.2\jakarta.xml.bind-api-2.3.2.jar;C:\Users\guill\.m2\repository\jakarta\activation\jakarta.activation-api\1.2.1\jakarta.activation-api-1.2.1.jar;C:\Users\guill\.m2\repository\org\glassfish\jersey\inject\jersey-hk2\2.32\jersey-hk2-2.32.jar;C:\Users\guill\.m2\repository\org\glassfish\hk2\hk2-locator\2.6.1\hk2-locator-2.6.1.jar;C:\Users\guill\.m2\repository\org\glassfish\hk2\external\aopalliance-repackaged\2.6.1\aopalliance-repackaged-2.6.1.jar;C:\Users\guill\.m2\repository\org\glassfish\hk2\hk2-api\2.6.1\hk2-api-2.6.1.jar;C:\Users\guill\.m2\repository\org\glassfish\hk2\hk2-utils\2.6.1\hk2-utils-2.6.1.jar;C:\Users\guill\.m2\repository\org\javassist\javassist\3.25.0-GA\javassist-3.25.0-GA.jar;C:\Users\guill\.m2\repository\org\eclipse\persistence\javax.persistence\2.1.1\javax.persistence-2.1.1.jar;C:\Users\guill\.m2\repository\org\mindrot\jbcrypt\0.4\jbcrypt-0.4.jar;C:\Users\guill\.m2\repository\javax\annotation\javax.annotation-api\1.3.2\javax.annotation-api-1.3.2.jar;C:\Users\guill\.m2\repository\javax\xml\bind\jaxb-api\2.4.0-b180830.0359\jaxb-api-2.4.0-b180830.0359.jar;C:\Users\guill\.m2\repository\javax\activation\javax.activation-api\1.2.0\javax.activation-api-1.2.0.jar;C:\Users\guill\.m2\repository\org\glassfish\jaxb\jaxb-runtime\2.4.0-b180830.0438\jaxb-runtime-2.4.0-b180830.0438.jar;C:\Users\guill\.m2\repository\org\glassfish\jaxb\txw2\2.4.0-b180830.0438\txw2-2.4.0-b180830.0438.jar;C:\Users\guill\.m2\repository\com\sun\istack\istack-commons-runtime\3.0.7\istack-commons-runtime-3.0.7.jar;C:\Users\guill\.m2\repository\org\jvnet\staxex\stax-ex\1.8\stax-ex-1.8.jar;C:\Users\guill\.m2\repository\com\sun\xml\fastinfoset\FastInfoset\1.2.15\FastInfoset-1.2.15.jar;C:\Users\guill\.m2\repository\org\apache\logging\log4j\log4j-api\2.13.3\log4j-api-2.13.3.jar;C:\Users\guill\.m2\repository\org\apache\logging\log4j\log4j-core\2.13.3\log4j-core-2.13.3.jar;C:\Users\guill\.m2\repository\junit\junit\4.12\junit-4.12.jar;C:\Users\guill\.m2\repository\org\hamcrest\hamcrest-core\1.3\hamcrest-core-1.3.jar;"/>
    <property name="sun.cpu.endian" value="little"/>
    <property name="user.home" value="C:\Users\guill"/>
    <property name="user.language" value="es"/>
    <property name="java.specification.vendor" value="Oracle Corporation"/>
    <property name="java.version.date" value="2021-07-20"/>
    <property name="java.home" value="C:\Program Files\RedHat\java-11-openjdk-11.0.12-1"/>
    <property name="file.separator" value="\"/>
    <property name="basedir" value="C:\SolentSecondYear\analisando\week3example-try2\client"/>
    <property name="java.vm.compressedOopsMode" value="32-bit"/>
    <property name="line.separator" value="&#10;"/>
    <property name="java.specification.name" value="Java Platform API Specification"/>
    <property name="java.vm.specification.vendor" value="Oracle Corporation"/>
    <property name="java.awt.graphicsenv" value="sun.awt.Win32GraphicsEnvironment"/>
    <property name="surefire.real.class.path" value="C:\Users\guill\AppData\Local\Temp\surefire9353848961140266522\surefirebooter7810711158097698835.jar"/>
    <property name="user.script" value=""/>
    <property name="sun.management.compiler" value="HotSpot 64-Bit Tiered Compilers"/>
    <property name="java.runtime.version" value="11.0.12+7-LTS"/>
    <property name="user.name" value="guill"/>
    <property name="path.separator" value=";"/>
    <property name="os.version" value="10.0"/>
    <property name="java.runtime.name" value="OpenJDK Runtime Environment"/>
    <property name="file.encoding" value="UTF-8"/>
    <property name="java.vm.name" value="OpenJDK 64-Bit Server VM"/>
    <property name="java.vendor.version" value="18.9"/>
    <property name="maven.ext.class.path" value="C:\Program Files\NetBeans-12.0\netbeans\java\maven-nblib\netbeans-eventspy.jar"/>
    <property name="localRepository" value="C:\Users\guill\.m2\repository"/>
    <property name="java.vendor.url.bug" value="https://bugzilla.redhat.com/enter_bug.cgi"/>
    <property name="java.io.tmpdir" value="C:\Users\guill\AppData\Local\Temp\"/>
    <property name="java.version" value="11.0.12"/>
    <property name="user.dir" value="C:\SolentSecondYear\analisando\week3example-try2\client"/>
    <property name="os.arch" value="amd64"/>
    <property name="java.vm.specification.name" value="Java Virtual Machine Specification"/>
    <property name="java.awt.printerjob" value="sun.awt.windows.WPrinterJob"/>
    <property name="sun.os.patch.level" value=""/>
    <property name="java.library.path" value="C:\Program Files\RedHat\java-11-openjdk-11.0.12-1\bin;C:\Windows\Sun\Java\bin;C:\Windows\system32;C:\Windows;C:\Windows\system32;C:\Windows;C:\Windows\System32\Wbem;C:\Windows\System32\WindowsPowerShell\v1.0\;C:\Windows\System32\OpenSSH\;C:\Program Files\RedHat\java-11-openjdk-11.0.12-1\bin;C:\devel\maven\apache-maven-3.8.3\bin;C:\Program Files\Git\cmd;C:\Users\guill\AppData\Local\Microsoft\WindowsApps;C:\Users\guill\AppData\Local\GitHubDesktop\bin;."/>
    <property name="java.vm.info" value="mixed mode"/>
    <property name="java.vendor" value="Red Hat, Inc."/>
    <property name="java.vm.version" value="11.0.12+7-LTS"/>
    <property name="sun.io.unicode.encoding" value="UnicodeLittle"/>
    <property name="java.class.version" value="55.0"/>
  </properties>
  <testcase name="testClientAuth" classname="org.solent.com504.oodd.bank.client.test.manual.BankClientTest" time="0.846">
    <error message="Error reading entity from input stream." type="javax.ws.rs.ProcessingException">javax.ws.rs.ProcessingException: Error reading entity from input stream.
	at org.solent.com504.oodd.bank.client.test.manual.BankClientTest.testClientAuth(BankClientTest.java:77)
Caused by: com.fasterxml.jackson.databind.exc.UnrecognizedPropertyException: 
Unrecognized field "timestamp" (class org.solent.com504.oodd.bank.model.dto.TransactionReplyMessage), not marked as ignorable (8 known properties: "status", "message", "amount", "transactionId", "fromCardNo", "toCardNo", "code", "transactionDate"])
 at [Source: (org.glassfish.jersey.message.internal.ReaderInterceptorExecutor$UnCloseableInputStream); line: 1, column: 15] (through reference chain: org.solent.com504.oodd.bank.model.dto.TransactionReplyMessage["timestamp"])
	at org.solent.com504.oodd.bank.client.test.manual.BankClientTest.testClientAuth(BankClientTest.java:77)
</error>
    <system-out><![CDATA[13:30:54.779 [main] DEBUG org.solent.com504.oodd.bank.client.impl.BankRestClientImpl - transferMoney called: 
]]></system-out>
    <system-err><![CDATA[nov. 07, 2021 1:30:55 P. M. org.glassfish.jersey.logging.LoggingInterceptor log
INFORMACIÓN: 1 * Sending client request on thread main
1 > POST http://com528bank.ukwest.cloudapp.azure.com:8080/bank/rest/transactionRequest
1 > Accept: application/json
1 > Authorization: Basic dGVzdHVzZXIyOmRlZmF1bHR0ZXN0cGFzcw==
1 > Content-Type: application/json
{"fromCard":{"name":"test user1","endDate":"11/21","cardnumber":"5133880000000012","cvv":"123","issueNumber":"01"},"toCard":{"name":"test user2","endDate":"11/21","cardnumber":"4285860000000021","cvv":"123","issueNumber":"01"},"amount":0.0}

nov. 07, 2021 1:30:55 P. M. org.glassfish.jersey.logging.LoggingInterceptor log
INFORMACIÓN: 1 * Client response received on thread main
1 < 404
1 < Connection: keep-alive
1 < Content-Type: application/json
1 < Date: Sun, 07 Nov 2021 12:30:55 GMT
1 < Keep-Alive: timeout=60
1 < Transfer-Encoding: chunked
1 < Vary: Access-Control-Request-Headers,Access-Control-Request-Method,Origin
{"timestamp":"2021-11-07T12:30:55.266+00:00","status":404,"error":"Not Found","message":"","path":"/bank/rest/transactionRequest"}

]]></system-err>
  </testcase>
  <testcase name="testClient" classname="org.solent.com504.oodd.bank.client.test.manual.BankClientTest" time="0.046">
    <error message="Error reading entity from input stream." type="javax.ws.rs.ProcessingException">javax.ws.rs.ProcessingException: Error reading entity from input stream.
	at org.solent.com504.oodd.bank.client.test.manual.BankClientTest.testClient(BankClientTest.java:61)
Caused by: com.fasterxml.jackson.databind.exc.UnrecognizedPropertyException: 
Unrecognized field "timestamp" (class org.solent.com504.oodd.bank.model.dto.TransactionReplyMessage), not marked as ignorable (8 known properties: "status", "message", "amount", "transactionId", "fromCardNo", "toCardNo", "code", "transactionDate"])
 at [Source: (org.glassfish.jersey.message.internal.ReaderInterceptorExecutor$UnCloseableInputStream); line: 1, column: 15] (through reference chain: org.solent.com504.oodd.bank.model.dto.TransactionReplyMessage["timestamp"])
	at org.solent.com504.oodd.bank.client.test.manual.BankClientTest.testClient(BankClientTest.java:61)
</error>
    <system-out><![CDATA[13:30:55.622 [main] DEBUG org.solent.com504.oodd.bank.client.impl.BankRestClientImpl - transferMoney called: 
]]></system-out>
    <system-err><![CDATA[nov. 07, 2021 1:30:55 P. M. org.glassfish.jersey.logging.LoggingInterceptor log
INFORMACIÓN: 1 * Sending client request on thread main
1 > POST http://com528bank.ukwest.cloudapp.azure.com:8080/bank/rest/transactionRequest
1 > Accept: application/json
1 > Content-Type: application/json
{"fromCard":{"name":"test user1","endDate":"11/21","cardnumber":"5133880000000012","cvv":"123","issueNumber":"01"},"toCard":{"name":"test user2","endDate":"11/21","cardnumber":"4285860000000021","cvv":"123","issueNumber":"01"},"amount":50.0}

nov. 07, 2021 1:30:55 P. M. org.glassfish.jersey.logging.LoggingInterceptor log
INFORMACIÓN: 1 * Client response received on thread main
1 < 404
1 < Connection: keep-alive
1 < Content-Type: application/json
1 < Date: Sun, 07 Nov 2021 12:30:55 GMT
1 < Keep-Alive: timeout=60
1 < Transfer-Encoding: chunked
1 < Vary: Access-Control-Request-Headers,Access-Control-Request-Method,Origin
{"timestamp":"2021-11-07T12:30:55.414+00:00","status":404,"error":"Not Found","message":"","path":"/bank/rest/transactionRequest"}

]]></system-err>
  </testcase>
</testsuite>